2012-08-14 23:10:15,223 - Left side ($test) of '!=' operation has null value. If it is a reference, it may not be in the context or its toString() returned null. <unknown template>[line 12, column 14]
2012-08-18 19:45:50,770 - Log4JLogChute initialized using file 'velocity.log'
2012-08-18 19:45:50,770 - Velocity was not initialized! Calling init()...
2012-08-18 19:45:50,770 - Starting Apache Velocity v1.6.4 (compiled: 2010-04-27 15:31:23)
2012-08-18 19:45:50,770 - Default Properties File: org\apache\velocity\runtime\defaults\velocity.properties
2012-08-18 19:45:50,770 - Trying to use logger class org.apache.velocity.runtime.log.AvalonLogChute
2012-08-18 19:45:50,770 - Target log system for org.apache.velocity.runtime.log.AvalonLogChute is not available (java.lang.NoClassDefFoundError: org/apache/log/format/Formatter).  Falling back to next log system...
2012-08-18 19:45:50,770 - Trying to use logger class org.apache.velocity.runtime.log.Log4JLogChute
2012-08-18 19:45:50,770 - Using logger class org.apache.velocity.runtime.log.Log4JLogChute
2012-08-18 19:45:50,770 - ResourceLoader instantiated: org.apache.velocity.runtime.resource.loader.FileResourceLoader
2012-08-18 19:45:50,770 - Do unicode file recognition:  false
2012-08-18 19:45:50,770 - FileResourceLoader : adding path '.'
2012-08-18 19:45:50,802 - ResourceCache: initialized (class org.apache.velocity.runtime.resource.ResourceCacheImpl) with class java.util.Collections$SynchronizedMap cache map.
2012-08-18 19:45:50,802 - Loaded System Directive: org.apache.velocity.runtime.directive.Define
2012-08-18 19:45:50,817 - Loaded System Directive: org.apache.velocity.runtime.directive.Break
2012-08-18 19:45:50,817 - Loaded System Directive: org.apache.velocity.runtime.directive.Evaluate
2012-08-18 19:45:50,817 - Loaded System Directive: org.apache.velocity.runtime.directive.Literal
2012-08-18 19:45:50,817 - Loaded System Directive: org.apache.velocity.runtime.directive.Macro
2012-08-18 19:45:50,817 - Loaded System Directive: org.apache.velocity.runtime.directive.Parse
2012-08-18 19:45:50,817 - Loaded System Directive: org.apache.velocity.runtime.directive.Include
2012-08-18 19:45:50,833 - Loaded System Directive: org.apache.velocity.runtime.directive.Foreach
2012-08-18 19:45:50,833 - Velocity was not initialized! Calling init()...
2012-08-18 19:45:50,880 - Velocity was not initialized! Calling init()...
2012-08-18 19:45:50,880 - Velocity was not initialized! Calling init()...
2012-08-18 19:45:50,880 - Velocity was not initialized! Calling init()...
2012-08-18 19:45:50,880 - Velocity was not initialized! Calling init()...
2012-08-18 19:45:50,880 - Velocity was not initialized! Calling init()...
2012-08-18 19:45:50,880 - Velocity was not initialized! Calling init()...
2012-08-18 19:45:50,880 - Velocity was not initialized! Calling init()...
2012-08-18 19:45:50,880 - Velocity was not initialized! Calling init()...
2012-08-18 19:45:50,880 - Velocity was not initialized! Calling init()...
2012-08-18 19:45:50,880 - Velocity was not initialized! Calling init()...
2012-08-18 19:45:50,880 - Velocity was not initialized! Calling init()...
2012-08-18 19:45:50,880 - Velocity was not initialized! Calling init()...
2012-08-18 19:45:50,880 - Velocity was not initialized! Calling init()...
2012-08-18 19:45:50,880 - Velocity was not initialized! Calling init()...
2012-08-18 19:45:50,880 - Velocity was not initialized! Calling init()...
2012-08-18 19:45:50,880 - Velocity was not initialized! Calling init()...
2012-08-18 19:45:50,880 - Velocity was not initialized! Calling init()...
2012-08-18 19:45:50,880 - Velocity was not initialized! Calling init()...
2012-08-18 19:45:50,880 - Velocity was not initialized! Calling init()...
2012-08-18 19:45:50,880 - Created '20' parsers.
2012-08-18 19:45:50,895 - Velocimacro : "velocimacro.library" is not set.  Trying default library: VM_global_library.vm
2012-08-18 19:45:50,895 - Velocity was not initialized! Calling init()...
2012-08-18 19:45:50,895 - Velocimacro : Default library not found.
2012-08-18 19:45:50,895 - Velocimacro : allowInline = true : VMs can be defined inline in templates
2012-08-18 19:45:50,895 - Velocimacro : allowInlineToOverride = false : VMs defined inline may NOT replace previous VM definitions
2012-08-18 19:45:50,895 - Velocimacro : allowInlineLocal = false : VMs defined inline will be global in scope if allowed.
2012-08-18 19:45:50,895 - Velocimacro : autoload off : VM system will not automatically reload global library macros
2012-08-18 19:45:50,926 - Left side ($attr2) of '>' operation has null value at <unknown template>[line 13, column 14]
2012-08-18 19:45:51,223 - Left side ($arc) of '==' operation has null value. If it is a reference, it may not be in the context or its toString() returned null. <unknown template>[line 13, column 47]
2012-08-18 19:45:51,410 - Left side ($attr2) of '>' operation has null value at <unknown template>[line 13, column 14]
2012-08-18 19:45:51,504 - Left side ($attr2) of '>' operation has null value at <unknown template>[line 13, column 14]
2012-08-18 19:45:51,675 - Left side ($arc) of '>' operation has null value at <unknown template>[line 14, column 12]
2012-08-18 19:45:51,831 - Left side ($arc) of '>' operation has null value at <unknown template>[line 14, column 12]
2012-08-18 19:45:51,925 - Left side ($test) of '==' operation has null value. If it is a reference, it may not be in the context or its toString() returned null. <unknown template>[line 7, column 14]
2012-08-18 19:45:51,925 - Left side ($test) of '!=' operation has null value. If it is a reference, it may not be in the context or its toString() returned null. <unknown template>[line 11, column 14]
2012-08-18 19:45:52,004 - Left side ($attr2) of '>' operation has null value at <unknown template>[line 13, column 14]
2012-08-18 19:45:52,113 - Left side ($attr2) of '>' operation has null value at <unknown template>[line 13, column 14]
2012-08-18 19:45:52,222 - Left side ($arc) of '>' operation has null value at <unknown template>[line 15, column 12]
2012-08-18 19:45:52,331 - Left side ($arc) of '>' operation has null value at <unknown template>[line 15, column 12]
2012-08-18 19:45:52,409 - Left side ($test) of '==' operation has null value. If it is a reference, it may not be in the context or its toString() returned null. <unknown template>[line 8, column 14]
2012-08-18 19:45:52,409 - Left side ($test) of '!=' operation has null value. If it is a reference, it may not be in the context or its toString() returned null. <unknown template>[line 12, column 14]
2012-08-18 19:45:52,487 - Left side ($attr2) of '>' operation has null value at <unknown template>[line 13, column 14]
2012-08-18 19:45:52,565 - Left side ($attr2) of '>' operation has null value at <unknown template>[line 13, column 14]
2012-08-21 15:57:58,206 - Log4JLogChute initialized using file 'velocity.log'
2012-08-21 15:57:58,219 - Velocity was not initialized! Calling init()...
2012-08-21 15:57:58,219 - Starting Apache Velocity v1.6.4 (compiled: 2010-04-27 15:31:23)
2012-08-21 15:57:58,219 - Default Properties File: org\apache\velocity\runtime\defaults\velocity.properties
2012-08-21 15:57:58,219 - Trying to use logger class org.apache.velocity.runtime.log.AvalonLogChute
2012-08-21 15:57:58,219 - Target log system for org.apache.velocity.runtime.log.AvalonLogChute is not available (java.lang.NoClassDefFoundError: org/apache/log/format/Formatter).  Falling back to next log system...
2012-08-21 15:57:58,219 - Trying to use logger class org.apache.velocity.runtime.log.Log4JLogChute
2012-08-21 15:57:58,219 - Using logger class org.apache.velocity.runtime.log.Log4JLogChute
2012-08-21 15:57:58,238 - ResourceLoader instantiated: org.apache.velocity.runtime.resource.loader.FileResourceLoader
2012-08-21 15:57:58,242 - Do unicode file recognition:  false
2012-08-21 15:57:58,242 - FileResourceLoader : adding path '.'
2012-08-21 15:57:58,262 - ResourceCache: initialized (class org.apache.velocity.runtime.resource.ResourceCacheImpl) with class java.util.Collections$SynchronizedMap cache map.
2012-08-21 15:57:58,267 - Loaded System Directive: org.apache.velocity.runtime.directive.Define
2012-08-21 15:57:58,268 - Loaded System Directive: org.apache.velocity.runtime.directive.Break
2012-08-21 15:57:58,271 - Loaded System Directive: org.apache.velocity.runtime.directive.Evaluate
2012-08-21 15:57:58,272 - Loaded System Directive: org.apache.velocity.runtime.directive.Literal
2012-08-21 15:57:58,273 - Loaded System Directive: org.apache.velocity.runtime.directive.Macro
2012-08-21 15:57:58,275 - Loaded System Directive: org.apache.velocity.runtime.directive.Parse
2012-08-21 15:57:58,277 - Loaded System Directive: org.apache.velocity.runtime.directive.Include
2012-08-21 15:57:58,279 - Loaded System Directive: org.apache.velocity.runtime.directive.Foreach
2012-08-21 15:57:58,291 - Velocity was not initialized! Calling init()...
2012-08-21 15:57:58,346 - Velocity was not initialized! Calling init()...
2012-08-21 15:57:58,346 - Velocity was not initialized! Calling init()...
2012-08-21 15:57:58,346 - Velocity was not initialized! Calling init()...
2012-08-21 15:57:58,346 - Velocity was not initialized! Calling init()...
2012-08-21 15:57:58,346 - Velocity was not initialized! Calling init()...
2012-08-21 15:57:58,346 - Velocity was not initialized! Calling init()...
2012-08-21 15:57:58,346 - Velocity was not initialized! Calling init()...
2012-08-21 15:57:58,346 - Velocity was not initialized! Calling init()...
2012-08-21 15:57:58,346 - Velocity was not initialized! Calling init()...
2012-08-21 15:57:58,348 - Velocity was not initialized! Calling init()...
2012-08-21 15:57:58,348 - Velocity was not initialized! Calling init()...
2012-08-21 15:57:58,348 - Velocity was not initialized! Calling init()...
2012-08-21 15:57:58,348 - Velocity was not initialized! Calling init()...
2012-08-21 15:57:58,348 - Velocity was not initialized! Calling init()...
2012-08-21 15:57:58,348 - Velocity was not initialized! Calling init()...
2012-08-21 15:57:58,348 - Velocity was not initialized! Calling init()...
2012-08-21 15:57:58,348 - Velocity was not initialized! Calling init()...
2012-08-21 15:57:58,348 - Velocity was not initialized! Calling init()...
2012-08-21 15:57:58,348 - Velocity was not initialized! Calling init()...
2012-08-21 15:57:58,349 - Created '20' parsers.
2012-08-21 15:57:58,366 - Velocimacro : "velocimacro.library" is not set.  Trying default library: VM_global_library.vm
2012-08-21 15:57:58,366 - Velocity was not initialized! Calling init()...
2012-08-21 15:57:58,370 - Velocimacro : Default library not found.
2012-08-21 15:57:58,370 - Velocimacro : allowInline = true : VMs can be defined inline in templates
2012-08-21 15:57:58,370 - Velocimacro : allowInlineToOverride = false : VMs defined inline may NOT replace previous VM definitions
2012-08-21 15:57:58,370 - Velocimacro : allowInlineLocal = false : VMs defined inline will be global in scope if allowed.
2012-08-21 15:57:58,370 - Velocimacro : autoload off : VM system will not automatically reload global library macros
2012-08-21 15:57:58,539 - Left side ($attr2) of '>' operation has null value at <unknown template>[line 13, column 14]
2012-08-21 15:58:00,258 - Left side ($attr2) of '>' operation has null value at <unknown template>[line 13, column 14]
2012-08-21 15:58:00,889 - Left side ($arc) of '==' operation has null value. If it is a reference, it may not be in the context or its toString() returned null. <unknown template>[line 13, column 47]
2012-08-21 15:58:01,177 - Left side ($attr2) of '>' operation has null value at <unknown template>[line 13, column 14]
2012-08-21 15:58:01,652 - Left side ($attr2) of '>' operation has null value at <unknown template>[line 13, column 14]
2012-08-21 15:58:02,027 - Left side ($arc) of '>' operation has null value at <unknown template>[line 14, column 12]
2012-08-21 15:58:02,367 - Left side ($arc) of '>' operation has null value at <unknown template>[line 14, column 12]
2012-08-21 15:58:02,684 - Left side ($test) of '==' operation has null value. If it is a reference, it may not be in the context or its toString() returned null. <unknown template>[line 7, column 14]
2012-08-21 15:58:02,685 - Left side ($test) of '!=' operation has null value. If it is a reference, it may not be in the context or its toString() returned null. <unknown template>[line 11, column 14]
2012-08-21 15:58:03,034 - Left side ($attr2) of '>' operation has null value at <unknown template>[line 13, column 14]
2012-08-21 15:58:03,389 - Left side ($attr2) of '>' operation has null value at <unknown template>[line 13, column 14]
2012-08-21 15:58:03,650 - Left side ($attr2) of '>' operation has null value at <unknown template>[line 13, column 14]
2012-08-21 15:58:03,966 - Left side ($arc) of '>' operation has null value at <unknown template>[line 15, column 12]
2012-08-21 15:58:04,259 - Left side ($arc) of '>' operation has null value at <unknown template>[line 15, column 12]
2012-08-21 15:58:04,598 - Left side ($test) of '==' operation has null value. If it is a reference, it may not be in the context or its toString() returned null. <unknown template>[line 8, column 14]
2012-08-21 15:58:04,598 - Left side ($test) of '!=' operation has null value. If it is a reference, it may not be in the context or its toString() returned null. <unknown template>[line 12, column 14]
2012-08-21 16:11:07,271 - Log4JLogChute initialized using file 'velocity.log'
2012-08-21 16:11:07,367 - Velocity was not initialized! Calling init()...
2012-08-21 16:11:07,367 - Starting Apache Velocity v1.6.4 (compiled: 2010-04-27 15:31:23)
2012-08-21 16:11:07,367 - Default Properties File: org\apache\velocity\runtime\defaults\velocity.properties
2012-08-21 16:11:07,367 - Trying to use logger class org.apache.velocity.runtime.log.AvalonLogChute
2012-08-21 16:11:07,367 - Target log system for org.apache.velocity.runtime.log.AvalonLogChute is not available (java.lang.NoClassDefFoundError: org/apache/log/format/Formatter).  Falling back to next log system...
2012-08-21 16:11:07,367 - Trying to use logger class org.apache.velocity.runtime.log.Log4JLogChute
2012-08-21 16:11:07,367 - Using logger class org.apache.velocity.runtime.log.Log4JLogChute
2012-08-21 16:11:07,385 - ResourceLoader instantiated: org.apache.velocity.runtime.resource.loader.FileResourceLoader
2012-08-21 16:11:07,389 - Do unicode file recognition:  false
2012-08-21 16:11:07,389 - FileResourceLoader : adding path '.'
2012-08-21 16:11:07,408 - ResourceCache: initialized (class org.apache.velocity.runtime.resource.ResourceCacheImpl) with class java.util.Collections$SynchronizedMap cache map.
2012-08-21 16:11:07,412 - Loaded System Directive: org.apache.velocity.runtime.directive.Define
2012-08-21 16:11:07,413 - Loaded System Directive: org.apache.velocity.runtime.directive.Break
2012-08-21 16:11:07,416 - Loaded System Directive: org.apache.velocity.runtime.directive.Evaluate
2012-08-21 16:11:07,417 - Loaded System Directive: org.apache.velocity.runtime.directive.Literal
2012-08-21 16:11:07,418 - Loaded System Directive: org.apache.velocity.runtime.directive.Macro
2012-08-21 16:11:07,421 - Loaded System Directive: org.apache.velocity.runtime.directive.Parse
2012-08-21 16:11:07,423 - Loaded System Directive: org.apache.velocity.runtime.directive.Include
2012-08-21 16:11:07,424 - Loaded System Directive: org.apache.velocity.runtime.directive.Foreach
2012-08-21 16:11:07,435 - Velocity was not initialized! Calling init()...
2012-08-21 16:11:07,515 - Velocity was not initialized! Calling init()...
2012-08-21 16:11:07,515 - Velocity was not initialized! Calling init()...
2012-08-21 16:11:07,515 - Velocity was not initialized! Calling init()...
2012-08-21 16:11:07,515 - Velocity was not initialized! Calling init()...
2012-08-21 16:11:07,516 - Velocity was not initialized! Calling init()...
2012-08-21 16:11:07,516 - Velocity was not initialized! Calling init()...
2012-08-21 16:11:07,516 - Velocity was not initialized! Calling init()...
2012-08-21 16:11:07,516 - Velocity was not initialized! Calling init()...
2012-08-21 16:11:07,516 - Velocity was not initialized! Calling init()...
2012-08-21 16:11:07,516 - Velocity was not initialized! Calling init()...
2012-08-21 16:11:07,516 - Velocity was not initialized! Calling init()...
2012-08-21 16:11:07,516 - Velocity was not initialized! Calling init()...
2012-08-21 16:11:07,516 - Velocity was not initialized! Calling init()...
2012-08-21 16:11:07,517 - Velocity was not initialized! Calling init()...
2012-08-21 16:11:07,517 - Velocity was not initialized! Calling init()...
2012-08-21 16:11:07,517 - Velocity was not initialized! Calling init()...
2012-08-21 16:11:07,517 - Velocity was not initialized! Calling init()...
2012-08-21 16:11:07,517 - Velocity was not initialized! Calling init()...
2012-08-21 16:11:07,517 - Velocity was not initialized! Calling init()...
2012-08-21 16:11:07,517 - Created '20' parsers.
2012-08-21 16:11:07,540 - Velocimacro : "velocimacro.library" is not set.  Trying default library: VM_global_library.vm
2012-08-21 16:11:07,540 - Velocity was not initialized! Calling init()...
2012-08-21 16:11:07,543 - Velocimacro : Default library not found.
2012-08-21 16:11:07,543 - Velocimacro : allowInline = true : VMs can be defined inline in templates
2012-08-21 16:11:07,543 - Velocimacro : allowInlineToOverride = false : VMs defined inline may NOT replace previous VM definitions
2012-08-21 16:11:07,543 - Velocimacro : allowInlineLocal = false : VMs defined inline will be global in scope if allowed.
2012-08-21 16:11:07,543 - Velocimacro : autoload off : VM system will not automatically reload global library macros
2012-08-21 16:11:07,695 - Left side ($attr2) of '>' operation has null value at <unknown template>[line 13, column 14]
2012-08-21 16:11:08,730 - Left side ($attr2) of '>' operation has null value at <unknown template>[line 13, column 14]
2012-08-21 16:11:09,094 - Left side ($arc) of '==' operation has null value. If it is a reference, it may not be in the context or its toString() returned null. <unknown template>[line 13, column 47]
2012-08-21 16:11:09,812 - Left side ($attr2) of '>' operation has null value at <unknown template>[line 13, column 14]
2012-08-21 16:11:09,996 - Left side ($attr2) of '>' operation has null value at <unknown template>[line 13, column 14]
2012-08-21 16:11:10,251 - Left side ($arc) of '>' operation has null value at <unknown template>[line 14, column 12]
2012-08-21 16:11:10,446 - Left side ($arc) of '>' operation has null value at <unknown template>[line 14, column 12]
2012-08-21 16:11:10,629 - Left side ($test) of '==' operation has null value. If it is a reference, it may not be in the context or its toString() returned null. <unknown template>[line 7, column 14]
2012-08-21 16:11:10,629 - Left side ($test) of '!=' operation has null value. If it is a reference, it may not be in the context or its toString() returned null. <unknown template>[line 11, column 14]
2012-08-21 16:11:10,804 - Left side ($attr2) of '>' operation has null value at <unknown template>[line 13, column 14]
2012-08-21 16:11:10,997 - Left side ($attr2) of '>' operation has null value at <unknown template>[line 13, column 14]
2012-08-21 16:11:11,202 - Left side ($attr2) of '>' operation has null value at <unknown template>[line 13, column 14]
2012-08-21 16:11:11,394 - Left side ($arc) of '>' operation has null value at <unknown template>[line 15, column 12]
2012-08-21 16:11:11,575 - Left side ($arc) of '>' operation has null value at <unknown template>[line 15, column 12]
2012-08-21 16:11:11,793 - Left side ($test) of '==' operation has null value. If it is a reference, it may not be in the context or its toString() returned null. <unknown template>[line 8, column 14]
2012-08-21 16:11:11,794 - Left side ($test) of '!=' operation has null value. If it is a reference, it may not be in the context or its toString() returned null. <unknown template>[line 12, column 14]
2012-08-21 16:12:29,853 - Log4JLogChute initialized using file 'velocity.log'
2012-08-21 16:12:29,869 - Velocity was not initialized! Calling init()...
2012-08-21 16:12:29,870 - Starting Apache Velocity v1.6.4 (compiled: 2010-04-27 15:31:23)
2012-08-21 16:12:29,870 - Default Properties File: org\apache\velocity\runtime\defaults\velocity.properties
2012-08-21 16:12:29,870 - Trying to use logger class org.apache.velocity.runtime.log.AvalonLogChute
2012-08-21 16:12:29,870 - Target log system for org.apache.velocity.runtime.log.AvalonLogChute is not available (java.lang.NoClassDefFoundError: org/apache/log/format/Formatter).  Falling back to next log system...
2012-08-21 16:12:29,870 - Trying to use logger class org.apache.velocity.runtime.log.Log4JLogChute
2012-08-21 16:12:29,870 - Using logger class org.apache.velocity.runtime.log.Log4JLogChute
2012-08-21 16:12:29,888 - ResourceLoader instantiated: org.apache.velocity.runtime.resource.loader.FileResourceLoader
2012-08-21 16:12:29,893 - Do unicode file recognition:  false
2012-08-21 16:12:29,893 - FileResourceLoader : adding path '.'
2012-08-21 16:12:29,914 - ResourceCache: initialized (class org.apache.velocity.runtime.resource.ResourceCacheImpl) with class java.util.Collections$SynchronizedMap cache map.
2012-08-21 16:12:29,918 - Loaded System Directive: org.apache.velocity.runtime.directive.Define
2012-08-21 16:12:29,920 - Loaded System Directive: org.apache.velocity.runtime.directive.Break
2012-08-21 16:12:29,921 - Loaded System Directive: org.apache.velocity.runtime.directive.Evaluate
2012-08-21 16:12:29,922 - Loaded System Directive: org.apache.velocity.runtime.directive.Literal
2012-08-21 16:12:29,925 - Loaded System Directive: org.apache.velocity.runtime.directive.Macro
2012-08-21 16:12:29,927 - Loaded System Directive: org.apache.velocity.runtime.directive.Parse
2012-08-21 16:12:29,929 - Loaded System Directive: org.apache.velocity.runtime.directive.Include
2012-08-21 16:12:29,930 - Loaded System Directive: org.apache.velocity.runtime.directive.Foreach
2012-08-21 16:12:29,943 - Velocity was not initialized! Calling init()...
2012-08-21 16:12:29,993 - Velocity was not initialized! Calling init()...
2012-08-21 16:12:29,993 - Velocity was not initialized! Calling init()...
2012-08-21 16:12:29,993 - Velocity was not initialized! Calling init()...
2012-08-21 16:12:29,993 - Velocity was not initialized! Calling init()...
2012-08-21 16:12:29,993 - Velocity was not initialized! Calling init()...
2012-08-21 16:12:29,993 - Velocity was not initialized! Calling init()...
2012-08-21 16:12:29,994 - Velocity was not initialized! Calling init()...
2012-08-21 16:12:29,994 - Velocity was not initialized! Calling init()...
2012-08-21 16:12:29,994 - Velocity was not initialized! Calling init()...
2012-08-21 16:12:29,994 - Velocity was not initialized! Calling init()...
2012-08-21 16:12:29,994 - Velocity was not initialized! Calling init()...
2012-08-21 16:12:29,994 - Velocity was not initialized! Calling init()...
2012-08-21 16:12:29,994 - Velocity was not initialized! Calling init()...
2012-08-21 16:12:29,994 - Velocity was not initialized! Calling init()...
2012-08-21 16:12:29,994 - Velocity was not initialized! Calling init()...
2012-08-21 16:12:29,995 - Velocity was not initialized! Calling init()...
2012-08-21 16:12:29,995 - Velocity was not initialized! Calling init()...
2012-08-21 16:12:29,995 - Velocity was not initialized! Calling init()...
2012-08-21 16:12:29,995 - Velocity was not initialized! Calling init()...
2012-08-21 16:12:29,995 - Created '20' parsers.
2012-08-21 16:12:30,023 - Velocimacro : "velocimacro.library" is not set.  Trying default library: VM_global_library.vm
2012-08-21 16:12:30,023 - Velocity was not initialized! Calling init()...
2012-08-21 16:12:30,026 - Velocimacro : Default library not found.
2012-08-21 16:12:30,026 - Velocimacro : allowInline = true : VMs can be defined inline in templates
2012-08-21 16:12:30,026 - Velocimacro : allowInlineToOverride = false : VMs defined inline may NOT replace previous VM definitions
2012-08-21 16:12:30,026 - Velocimacro : allowInlineLocal = false : VMs defined inline will be global in scope if allowed.
2012-08-21 16:12:30,026 - Velocimacro : autoload off : VM system will not automatically reload global library macros
2012-08-21 16:12:30,163 - Left side ($attr2) of '>' operation has null value at <unknown template>[line 13, column 14]
2012-08-21 16:12:31,053 - Left side ($attr2) of '>' operation has null value at <unknown template>[line 13, column 14]
2012-08-21 16:12:31,455 - Left side ($arc) of '==' operation has null value. If it is a reference, it may not be in the context or its toString() returned null. <unknown template>[line 13, column 47]
2012-08-21 16:12:31,715 - Left side ($attr2) of '>' operation has null value at <unknown template>[line 13, column 14]
2012-08-21 16:12:31,989 - Left side ($attr2) of '>' operation has null value at <unknown template>[line 13, column 14]
2012-08-21 16:12:32,188 - Left side ($arc) of '>' operation has null value at <unknown template>[line 14, column 12]
2012-08-21 16:12:32,384 - Left side ($arc) of '>' operation has null value at <unknown template>[line 14, column 12]
2012-08-21 16:12:32,577 - Left side ($test) of '==' operation has null value. If it is a reference, it may not be in the context or its toString() returned null. <unknown template>[line 7, column 14]
2012-08-21 16:12:32,577 - Left side ($test) of '!=' operation has null value. If it is a reference, it may not be in the context or its toString() returned null. <unknown template>[line 11, column 14]
2012-08-21 16:12:32,784 - Left side ($attr2) of '>' operation has null value at <unknown template>[line 13, column 14]
2012-08-21 16:12:32,976 - Left side ($attr2) of '>' operation has null value at <unknown template>[line 13, column 14]
2012-08-21 16:12:33,162 - Left side ($attr2) of '>' operation has null value at <unknown template>[line 13, column 14]
2012-08-21 16:12:33,389 - Left side ($arc) of '>' operation has null value at <unknown template>[line 15, column 12]
2012-08-21 16:12:33,639 - Left side ($arc) of '>' operation has null value at <unknown template>[line 15, column 12]
2012-08-21 16:12:33,886 - Left side ($test) of '==' operation has null value. If it is a reference, it may not be in the context or its toString() returned null. <unknown template>[line 8, column 14]
2012-08-21 16:12:33,886 - Left side ($test) of '!=' operation has null value. If it is a reference, it may not be in the context or its toString() returned null. <unknown template>[line 12, column 14]
2012-08-26 22:58:45,694 - Log4JLogChute initialized using file 'velocity.log'
2012-08-26 22:58:45,709 - Velocity was not initialized! Calling init()...
2012-08-26 22:58:45,709 - Starting Apache Velocity v1.6.4 (compiled: 2010-04-27 15:31:23)
2012-08-26 22:58:45,709 - Default Properties File: org\apache\velocity\runtime\defaults\velocity.properties
2012-08-26 22:58:45,709 - Trying to use logger class org.apache.velocity.runtime.log.AvalonLogChute
2012-08-26 22:58:45,709 - Target log system for org.apache.velocity.runtime.log.AvalonLogChute is not available (java.lang.NoClassDefFoundError: org/apache/log/format/Formatter).  Falling back to next log system...
2012-08-26 22:58:45,709 - Trying to use logger class org.apache.velocity.runtime.log.Log4JLogChute
2012-08-26 22:58:45,709 - Using logger class org.apache.velocity.runtime.log.Log4JLogChute
2012-08-26 22:58:45,709 - ResourceLoader instantiated: org.apache.velocity.runtime.resource.loader.FileResourceLoader
2012-08-26 22:58:45,709 - Do unicode file recognition:  false
2012-08-26 22:58:45,709 - FileResourceLoader : adding path '.'
2012-08-26 22:58:45,741 - ResourceCache: initialized (class org.apache.velocity.runtime.resource.ResourceCacheImpl) with class java.util.Collections$SynchronizedMap cache map.
2012-08-26 22:58:45,741 - Loaded System Directive: org.apache.velocity.runtime.directive.Define
2012-08-26 22:58:45,741 - Loaded System Directive: org.apache.velocity.runtime.directive.Break
2012-08-26 22:58:45,741 - Loaded System Directive: org.apache.velocity.runtime.directive.Evaluate
2012-08-26 22:58:45,741 - Loaded System Directive: org.apache.velocity.runtime.directive.Literal
2012-08-26 22:58:45,741 - Loaded System Directive: org.apache.velocity.runtime.directive.Macro
2012-08-26 22:58:45,756 - Loaded System Directive: org.apache.velocity.runtime.directive.Parse
2012-08-26 22:58:45,756 - Loaded System Directive: org.apache.velocity.runtime.directive.Include
2012-08-26 22:58:45,756 - Loaded System Directive: org.apache.velocity.runtime.directive.Foreach
2012-08-26 22:58:45,756 - Velocity was not initialized! Calling init()...
2012-08-26 22:58:45,803 - Velocity was not initialized! Calling init()...
2012-08-26 22:58:45,803 - Velocity was not initialized! Calling init()...
2012-08-26 22:58:45,803 - Velocity was not initialized! Calling init()...
2012-08-26 22:58:45,803 - Velocity was not initialized! Calling init()...
2012-08-26 22:58:45,803 - Velocity was not initialized! Calling init()...
2012-08-26 22:58:45,803 - Velocity was not initialized! Calling init()...
2012-08-26 22:58:45,803 - Velocity was not initialized! Calling init()...
2012-08-26 22:58:45,803 - Velocity was not initialized! Calling init()...
2012-08-26 22:58:45,803 - Velocity was not initialized! Calling init()...
2012-08-26 22:58:45,803 - Velocity was not initialized! Calling init()...
2012-08-26 22:58:45,803 - Velocity was not initialized! Calling init()...
2012-08-26 22:58:45,803 - Velocity was not initialized! Calling init()...
2012-08-26 22:58:45,803 - Velocity was not initialized! Calling init()...
2012-08-26 22:58:45,803 - Velocity was not initialized! Calling init()...
2012-08-26 22:58:45,803 - Velocity was not initialized! Calling init()...
2012-08-26 22:58:45,803 - Velocity was not initialized! Calling init()...
2012-08-26 22:58:45,803 - Velocity was not initialized! Calling init()...
2012-08-26 22:58:45,803 - Velocity was not initialized! Calling init()...
2012-08-26 22:58:45,803 - Velocity was not initialized! Calling init()...
2012-08-26 22:58:45,803 - Created '20' parsers.
2012-08-26 22:58:45,819 - Velocimacro : "velocimacro.library" is not set.  Trying default library: VM_global_library.vm
2012-08-26 22:58:45,819 - Velocity was not initialized! Calling init()...
2012-08-26 22:58:45,819 - Velocimacro : Default library not found.
2012-08-26 22:58:45,819 - Velocimacro : allowInline = true : VMs can be defined inline in templates
2012-08-26 22:58:45,819 - Velocimacro : allowInlineToOverride = false : VMs defined inline may NOT replace previous VM definitions
2012-08-26 22:58:45,819 - Velocimacro : allowInlineLocal = false : VMs defined inline will be global in scope if allowed.
2012-08-26 22:58:45,819 - Velocimacro : autoload off : VM system will not automatically reload global library macros
2012-08-26 22:58:45,834 - Left side ($attr2) of '>' operation has null value at <unknown template>[line 13, column 14]
2012-08-26 22:58:46,084 - Left side ($attr2) of '>' operation has null value at <unknown template>[line 13, column 14]
2012-08-26 22:58:46,396 - Left side ($attr2) of '>' operation has null value at <unknown template>[line 13, column 14]
2012-08-26 22:58:46,833 - Left side ($arc) of '==' operation has null value. If it is a reference, it may not be in the context or its toString() returned null. <unknown template>[line 13, column 47]
2012-08-26 22:58:47,051 - Left side ($attr2) of '>' operation has null value at <unknown template>[line 13, column 14]
2012-08-26 22:58:47,347 - Left side ($attr2) of '>' operation has null value at <unknown template>[line 13, column 14]
2012-08-26 22:58:47,675 - Left side ($arc) of '>' operation has null value at <unknown template>[line 14, column 12]
2012-08-26 22:58:48,814 - Left side ($arc) of '>' operation has null value at <unknown template>[line 14, column 12]
2012-08-26 22:58:49,048 - Left side ($test) of '==' operation has null value. If it is a reference, it may not be in the context or its toString() returned null. <unknown template>[line 7, column 14]
2012-08-26 22:58:49,048 - Left side ($test) of '!=' operation has null value. If it is a reference, it may not be in the context or its toString() returned null. <unknown template>[line 11, column 14]
2012-08-26 22:58:49,266 - Left side ($attr2) of '>' operation has null value at <unknown template>[line 13, column 14]
2012-08-26 22:58:49,703 - Left side ($attr2) of '>' operation has null value at <unknown template>[line 13, column 14]
2012-08-26 22:58:50,156 - Left side ($arc) of '>' operation has null value at <unknown template>[line 15, column 12]
2012-08-26 22:58:50,483 - Left side ($arc) of '>' operation has null value at <unknown template>[line 15, column 12]
2012-08-26 22:58:50,686 - Left side ($test) of '==' operation has null value. If it is a reference, it may not be in the context or its toString() returned null. <unknown template>[line 8, column 14]
2012-08-26 22:58:50,686 - Left side ($test) of '!=' operation has null value. If it is a reference, it may not be in the context or its toString() returned null. <unknown template>[line 12, column 14]
