2013-01-21 13:16:58,042 - Velocity was not initialized! Calling init()...
2013-01-21 13:16:58,042 - Velocity was not initialized! Calling init()...
2013-01-21 13:16:58,042 - Velocity was not initialized! Calling init()...
2013-01-21 13:16:58,042 - Created '20' parsers.
2013-01-21 13:16:58,053 - Velocimacro : "velocimacro.library" is not set.  Trying default library: VM_global_library.vm
2013-01-21 13:16:58,053 - Velocity was not initialized! Calling init()...
2013-01-21 13:16:58,053 - Velocimacro : Default library not found.
2013-01-21 13:16:58,053 - Velocimacro : allowInline = true : VMs can be defined inline in templates
2013-01-21 13:16:58,054 - Velocimacro : allowInlineToOverride = false : VMs defined inline may NOT replace previous VM definitions
2013-01-21 13:16:58,054 - Velocimacro : allowInlineLocal = false : VMs defined inline will be global in scope if allowed.
2013-01-21 13:16:58,054 - Velocimacro : autoload off : VM system will not automatically reload global library macros
2013-01-21 13:16:58,080 - Left side ($attr2) of '>' operation has null value at <unknown template>[line 13, column 14]
2013-01-21 13:17:00,595 - Left side ($attr2) of '>' operation has null value at <unknown template>[line 13, column 14]
2013-01-21 13:17:00,966 - Left side ($attr2) of '>' operation has null value at <unknown template>[line 13, column 14]
2013-01-21 13:17:01,577 - Left side ($arc) of '==' operation has null value. If it is a reference, it may not be in the context or its toString() returned null. <unknown template>[line 13, column 47]
2013-01-21 13:17:01,943 - Left side ($attr2) of '>' operation has null value at <unknown template>[line 13, column 14]
2013-01-21 13:17:02,284 - Left side ($attr2) of '>' operation has null value at <unknown template>[line 13, column 14]
2013-01-21 13:17:02,604 - Left side ($arc) of '>' operation has null value at <unknown template>[line 14, column 12]
2013-01-21 13:17:02,961 - Left side ($arc) of '>' operation has null value at <unknown template>[line 14, column 12]
2013-01-21 13:17:03,272 - Left side ($test) of '==' operation has null value. If it is a reference, it may not be in the context or its toString() returned null. <unknown template>[line 7, column 14]
2013-01-21 13:17:03,272 - Left side ($test) of '!=' operation has null value. If it is a reference, it may not be in the context or its toString() returned null. <unknown template>[line 11, column 14]
2013-01-21 13:17:03,565 - Left side ($attr2) of '>' operation has null value at <unknown template>[line 13, column 14]
2013-01-21 13:17:04,850 - Left side ($attr2) of '>' operation has null value at <unknown template>[line 13, column 14]
2013-01-21 13:17:05,176 - Left side ($arc) of '>' operation has null value at <unknown template>[line 15, column 12]
2013-01-21 13:17:05,464 - Left side ($arc) of '>' operation has null value at <unknown template>[line 15, column 12]
2013-01-21 13:17:05,782 - Left side ($test) of '==' operation has null value. If it is a reference, it may not be in the context or its toString() returned null. <unknown template>[line 8, column 14]
2013-01-21 13:17:05,782 - Left side ($test) of '!=' operation has null value. If it is a reference, it may not be in the context or its toString() returned null. <unknown template>[line 12, column 14]
2013-01-21 19:02:13,762 - Log4JLogChute initialized using file 'velocity.log'
2013-01-21 19:02:13,788 - Velocity was not initialized! Calling init()...
2013-01-21 19:02:13,788 - Starting Apache Velocity v1.6.4 (compiled: 2010-04-27 15:31:23)
2013-01-21 19:02:13,788 - Default Properties File: org\apache\velocity\runtime\defaults\velocity.properties
2013-01-21 19:02:13,788 - Trying to use logger class org.apache.velocity.runtime.log.AvalonLogChute
2013-01-21 19:02:13,788 - Target log system for org.apache.velocity.runtime.log.AvalonLogChute is not available (java.lang.NoClassDefFoundError: org/apache/log/format/Formatter).  Falling back to next log system...
2013-01-21 19:02:13,788 - Trying to use logger class org.apache.velocity.runtime.log.Log4JLogChute
2013-01-21 19:02:13,788 - Using logger class org.apache.velocity.runtime.log.Log4JLogChute
2013-01-21 19:02:13,797 - ResourceLoader instantiated: org.apache.velocity.runtime.resource.loader.FileResourceLoader
2013-01-21 19:02:13,799 - Do unicode file recognition:  false
2013-01-21 19:02:13,800 - FileResourceLoader : adding path '.'
2013-01-21 19:02:14,899 - ResourceCache: initialized (class org.apache.velocity.runtime.resource.ResourceCacheImpl) with class java.util.Collections$SynchronizedMap cache map.
2013-01-21 19:02:14,901 - Loaded System Directive: org.apache.velocity.runtime.directive.Define
2013-01-21 19:02:14,903 - Loaded System Directive: org.apache.velocity.runtime.directive.Break
2013-01-21 19:02:14,904 - Loaded System Directive: org.apache.velocity.runtime.directive.Evaluate
2013-01-21 19:02:14,905 - Loaded System Directive: org.apache.velocity.runtime.directive.Literal
2013-01-21 19:02:14,907 - Loaded System Directive: org.apache.velocity.runtime.directive.Macro
2013-01-21 19:02:14,909 - Loaded System Directive: org.apache.velocity.runtime.directive.Parse
2013-01-21 19:02:14,911 - Loaded System Directive: org.apache.velocity.runtime.directive.Include
2013-01-21 19:02:14,913 - Loaded System Directive: org.apache.velocity.runtime.directive.Foreach
2013-01-21 19:02:14,916 - Velocity was not initialized! Calling init()...
2013-01-21 19:02:14,956 - Velocity was not initialized! Calling init()...
2013-01-21 19:02:14,956 - Velocity was not initialized! Calling init()...
2013-01-21 19:02:14,956 - Velocity was not initialized! Calling init()...
2013-01-21 19:02:14,957 - Velocity was not initialized! Calling init()...
2013-01-21 19:02:14,957 - Velocity was not initialized! Calling init()...
2013-01-21 19:02:14,957 - Velocity was not initialized! Calling init()...
2013-01-21 19:02:14,957 - Velocity was not initialized! Calling init()...
2013-01-21 19:02:14,957 - Velocity was not initialized! Calling init()...
2013-01-21 19:02:14,957 - Velocity was not initialized! Calling init()...
2013-01-21 19:02:14,957 - Velocity was not initialized! Calling init()...
2013-01-21 19:02:14,957 - Velocity was not initialized! Calling init()...
2013-01-21 19:02:14,958 - Velocity was not initialized! Calling init()...
2013-01-21 19:02:14,958 - Velocity was not initialized! Calling init()...
2013-01-21 19:02:14,958 - Velocity was not initialized! Calling init()...
2013-01-21 19:02:14,958 - Velocity was not initialized! Calling init()...
2013-01-21 19:02:14,958 - Velocity was not initialized! Calling init()...
2013-01-21 19:02:14,958 - Velocity was not initialized! Calling init()...
2013-01-21 19:02:14,958 - Velocity was not initialized! Calling init()...
2013-01-21 19:02:14,958 - Velocity was not initialized! Calling init()...
2013-01-21 19:02:14,959 - Created '20' parsers.
2013-01-21 19:02:14,969 - Velocimacro : "velocimacro.library" is not set.  Trying default library: VM_global_library.vm
2013-01-21 19:02:14,969 - Velocity was not initialized! Calling init()...
2013-01-21 19:02:14,969 - Velocimacro : Default library not found.
2013-01-21 19:02:14,969 - Velocimacro : allowInline = true : VMs can be defined inline in templates
2013-01-21 19:02:14,969 - Velocimacro : allowInlineToOverride = false : VMs defined inline may NOT replace previous VM definitions
2013-01-21 19:02:14,969 - Velocimacro : allowInlineLocal = false : VMs defined inline will be global in scope if allowed.
2013-01-21 19:02:14,969 - Velocimacro : autoload off : VM system will not automatically reload global library macros
2013-01-21 19:02:14,992 - Left side ($attr2) of '>' operation has null value at <unknown template>[line 13, column 14]
2013-01-21 19:02:16,203 - Left side ($attr2) of '>' operation has null value at <unknown template>[line 13, column 14]
2013-01-21 19:02:16,452 - Left side ($attr2) of '>' operation has null value at <unknown template>[line 13, column 14]
2013-01-21 19:02:17,136 - Left side ($arc) of '==' operation has null value. If it is a reference, it may not be in the context or its toString() returned null. <unknown template>[line 13, column 47]
2013-01-21 19:02:17,381 - Left side ($attr2) of '>' operation has null value at <unknown template>[line 13, column 14]
2013-01-21 19:02:17,626 - Left side ($attr2) of '>' operation has null value at <unknown template>[line 13, column 14]
2013-01-21 19:02:17,947 - Left side ($arc) of '>' operation has null value at <unknown template>[line 14, column 12]
2013-01-21 19:02:18,207 - Left side ($arc) of '>' operation has null value at <unknown template>[line 14, column 12]
2013-01-21 19:02:19,615 - Left side ($test) of '==' operation has null value. If it is a reference, it may not be in the context or its toString() returned null. <unknown template>[line 7, column 14]
2013-01-21 19:02:19,615 - Left side ($test) of '!=' operation has null value. If it is a reference, it may not be in the context or its toString() returned null. <unknown template>[line 11, column 14]
2013-01-21 19:02:19,968 - Left side ($attr2) of '>' operation has null value at <unknown template>[line 13, column 14]
2013-01-21 19:02:20,303 - Left side ($attr2) of '>' operation has null value at <unknown template>[line 13, column 14]
2013-01-21 19:02:20,621 - Left side ($arc) of '>' operation has null value at <unknown template>[line 15, column 12]
2013-01-21 19:02:20,945 - Left side ($arc) of '>' operation has null value at <unknown template>[line 15, column 12]
2013-01-21 19:02:21,318 - Left side ($test) of '==' operation has null value. If it is a reference, it may not be in the context or its toString() returned null. <unknown template>[line 8, column 14]
2013-01-21 19:02:21,318 - Left side ($test) of '!=' operation has null value. If it is a reference, it may not be in the context or its toString() returned null. <unknown template>[line 12, column 14]
2013-01-22 13:38:04,349 - Log4JLogChute initialized using file 'velocity.log'
2013-01-22 13:38:04,359 - Velocity was not initialized! Calling init()...
2013-01-22 13:38:04,359 - Starting Apache Velocity v1.6.4 (compiled: 2010-04-27 15:31:23)
2013-01-22 13:38:04,359 - Default Properties File: org\apache\velocity\runtime\defaults\velocity.properties
2013-01-22 13:38:04,359 - Trying to use logger class org.apache.velocity.runtime.log.AvalonLogChute
2013-01-22 13:38:04,359 - Target log system for org.apache.velocity.runtime.log.AvalonLogChute is not available (java.lang.NoClassDefFoundError: org/apache/log/format/Formatter).  Falling back to next log system...
2013-01-22 13:38:04,359 - Trying to use logger class org.apache.velocity.runtime.log.Log4JLogChute
2013-01-22 13:38:04,359 - Using logger class org.apache.velocity.runtime.log.Log4JLogChute
2013-01-22 13:38:04,367 - ResourceLoader instantiated: org.apache.velocity.runtime.resource.loader.FileResourceLoader
2013-01-22 13:38:04,369 - Do unicode file recognition:  false
2013-01-22 13:38:04,369 - FileResourceLoader : adding path '.'
2013-01-22 13:38:04,392 - ResourceCache: initialized (class org.apache.velocity.runtime.resource.ResourceCacheImpl) with class java.util.Collections$SynchronizedMap cache map.
2013-01-22 13:38:04,394 - Loaded System Directive: org.apache.velocity.runtime.directive.Define
2013-01-22 13:38:04,395 - Loaded System Directive: org.apache.velocity.runtime.directive.Break
2013-01-22 13:38:04,397 - Loaded System Directive: org.apache.velocity.runtime.directive.Evaluate
2013-01-22 13:38:04,398 - Loaded System Directive: org.apache.velocity.runtime.directive.Literal
2013-01-22 13:38:04,399 - Loaded System Directive: org.apache.velocity.runtime.directive.Macro
2013-01-22 13:38:04,401 - Loaded System Directive: org.apache.velocity.runtime.directive.Parse
2013-01-22 13:38:04,403 - Loaded System Directive: org.apache.velocity.runtime.directive.Include
2013-01-22 13:38:04,405 - Loaded System Directive: org.apache.velocity.runtime.directive.Foreach
2013-01-22 13:38:04,409 - Velocity was not initialized! Calling init()...
2013-01-22 13:38:04,447 - Velocity was not initialized! Calling init()...
2013-01-22 13:38:04,447 - Velocity was not initialized! Calling init()...
2013-01-22 13:38:04,447 - Velocity was not initialized! Calling init()...
2013-01-22 13:38:04,447 - Velocity was not initialized! Calling init()...
2013-01-22 13:38:04,448 - Velocity was not initialized! Calling init()...
2013-01-22 13:38:04,448 - Velocity was not initialized! Calling init()...
2013-01-22 13:38:04,448 - Velocity was not initialized! Calling init()...
2013-01-22 13:38:04,448 - Velocity was not initialized! Calling init()...
2013-01-22 13:38:04,448 - Velocity was not initialized! Calling init()...
2013-01-22 13:38:04,448 - Velocity was not initialized! Calling init()...
2013-01-22 13:38:04,448 - Velocity was not initialized! Calling init()...
2013-01-22 13:38:04,448 - Velocity was not initialized! Calling init()...
2013-01-22 13:38:04,449 - Velocity was not initialized! Calling init()...
2013-01-22 13:38:04,449 - Velocity was not initialized! Calling init()...
2013-01-22 13:38:04,449 - Velocity was not initialized! Calling init()...
2013-01-22 13:38:04,449 - Velocity was not initialized! Calling init()...
2013-01-22 13:38:04,449 - Velocity was not initialized! Calling init()...
2013-01-22 13:38:04,449 - Velocity was not initialized! Calling init()...
2013-01-22 13:38:04,449 - Velocity was not initialized! Calling init()...
2013-01-22 13:38:04,450 - Created '20' parsers.
2013-01-22 13:38:04,459 - Velocimacro : "velocimacro.library" is not set.  Trying default library: VM_global_library.vm
2013-01-22 13:38:04,460 - Velocity was not initialized! Calling init()...
2013-01-22 13:38:04,460 - Velocimacro : Default library not found.
2013-01-22 13:38:04,460 - Velocimacro : allowInline = true : VMs can be defined inline in templates
2013-01-22 13:38:04,460 - Velocimacro : allowInlineToOverride = false : VMs defined inline may NOT replace previous VM definitions
2013-01-22 13:38:04,460 - Velocimacro : allowInlineLocal = false : VMs defined inline will be global in scope if allowed.
2013-01-22 13:38:04,460 - Velocimacro : autoload off : VM system will not automatically reload global library macros
2013-01-22 13:38:04,481 - Left side ($attr2) of '>' operation has null value at <unknown template>[line 13, column 14]
2013-01-22 13:38:09,868 - Left side ($attr2) of '>' operation has null value at <unknown template>[line 13, column 14]
2013-01-22 13:38:12,478 - Left side ($attr2) of '>' operation has null value at <unknown template>[line 13, column 14]
2013-01-22 13:38:18,155 - Left side ($arc) of '==' operation has null value. If it is a reference, it may not be in the context or its toString() returned null. <unknown template>[line 13, column 47]
2013-01-22 13:38:20,608 - Left side ($attr2) of '>' operation has null value at <unknown template>[line 13, column 14]
2013-01-22 13:38:23,138 - Left side ($attr2) of '>' operation has null value at <unknown template>[line 13, column 14]
2013-01-22 13:38:25,702 - Left side ($arc) of '>' operation has null value at <unknown template>[line 14, column 12]
2013-01-22 13:38:28,279 - Left side ($arc) of '>' operation has null value at <unknown template>[line 14, column 12]
2013-01-22 13:38:30,775 - Left side ($test) of '==' operation has null value. If it is a reference, it may not be in the context or its toString() returned null. <unknown template>[line 7, column 14]
2013-01-22 13:38:30,775 - Left side ($test) of '!=' operation has null value. If it is a reference, it may not be in the context or its toString() returned null. <unknown template>[line 11, column 14]
2013-01-22 13:38:34,409 - Left side ($attr2) of '>' operation has null value at <unknown template>[line 13, column 14]
2013-01-22 13:38:36,799 - Left side ($attr2) of '>' operation has null value at <unknown template>[line 13, column 14]
2013-01-22 13:38:39,329 - Left side ($arc) of '>' operation has null value at <unknown template>[line 15, column 12]
2013-01-22 13:38:41,722 - Left side ($arc) of '>' operation has null value at <unknown template>[line 15, column 12]
2013-01-22 13:38:44,183 - Left side ($test) of '==' operation has null value. If it is a reference, it may not be in the context or its toString() returned null. <unknown template>[line 8, column 14]
2013-01-22 13:38:44,184 - Left side ($test) of '!=' operation has null value. If it is a reference, it may not be in the context or its toString() returned null. <unknown template>[line 12, column 14]
