2011-11-14 22:38:55,711 - Log4JLogChute initialized using file 'velocity.log'
2011-11-14 22:38:55,711 - Velocity was not initialized! Calling init()...
2011-11-14 22:38:55,711 - Starting Apache Velocity v1.6.4 (compiled: 2010-04-27 15:31:23)
2011-11-14 22:38:55,711 - Default Properties File: org\apache\velocity\runtime\defaults\velocity.properties
2011-11-14 22:38:55,711 - Trying to use logger class org.apache.velocity.runtime.log.AvalonLogChute
2011-11-14 22:38:55,711 - Target log system for org.apache.velocity.runtime.log.AvalonLogChute is not available (java.lang.NoClassDefFoundError: org/apache/log/format/Formatter).  Falling back to next log system...
2011-11-14 22:38:55,711 - Trying to use logger class org.apache.velocity.runtime.log.Log4JLogChute
2011-11-14 22:38:55,711 - Using logger class org.apache.velocity.runtime.log.Log4JLogChute
2011-11-14 22:38:55,726 - ResourceLoader instantiated: org.apache.velocity.runtime.resource.loader.FileResourceLoader
2011-11-14 22:38:55,726 - Do unicode file recognition:  false
2011-11-14 22:38:55,726 - FileResourceLoader : adding path '.'
2011-11-14 22:38:55,758 - ResourceCache: initialized (class org.apache.velocity.runtime.resource.ResourceCacheImpl) with class java.util.Collections$SynchronizedMap cache map.
2011-11-14 22:38:55,758 - Loaded System Directive: org.apache.velocity.runtime.directive.Define
2011-11-14 22:38:55,758 - Loaded System Directive: org.apache.velocity.runtime.directive.Break
2011-11-14 22:38:55,758 - Loaded System Directive: org.apache.velocity.runtime.directive.Evaluate
2011-11-14 22:38:55,758 - Loaded System Directive: org.apache.velocity.runtime.directive.Literal
2011-11-14 22:38:55,758 - Loaded System Directive: org.apache.velocity.runtime.directive.Macro
2011-11-14 22:38:55,773 - Loaded System Directive: org.apache.velocity.runtime.directive.Parse
2011-11-14 22:38:55,773 - Loaded System Directive: org.apache.velocity.runtime.directive.Include
2011-11-14 22:38:55,773 - Loaded System Directive: org.apache.velocity.runtime.directive.Foreach
2011-11-14 22:38:55,773 - Velocity was not initialized! Calling init()...
2011-11-14 22:38:55,820 - Velocity was not initialized! Calling init()...
2011-11-14 22:38:55,820 - Velocity was not initialized! Calling init()...
2011-11-14 22:38:55,836 - Velocity was not initialized! Calling init()...
2011-11-14 22:38:55,836 - Velocity was not initialized! Calling init()...
2011-11-14 22:38:55,836 - Velocity was not initialized! Calling init()...
2011-11-14 22:38:55,836 - Velocity was not initialized! Calling init()...
2011-11-14 22:38:55,836 - Velocity was not initialized! Calling init()...
2011-11-14 22:38:55,836 - Velocity was not initialized! Calling init()...
2011-11-14 22:38:55,836 - Velocity was not initialized! Calling init()...
2011-11-14 22:38:55,836 - Velocity was not initialized! Calling init()...
2011-11-14 22:38:55,836 - Velocity was not initialized! Calling init()...
2011-11-14 22:38:55,836 - Velocity was not initialized! Calling init()...
2011-11-14 22:38:55,836 - Velocity was not initialized! Calling init()...
2011-11-14 22:38:55,836 - Velocity was not initialized! Calling init()...
2011-11-14 22:38:55,836 - Velocity was not initialized! Calling init()...
2011-11-14 22:38:55,836 - Velocity was not initialized! Calling init()...
2011-11-14 22:38:55,836 - Velocity was not initialized! Calling init()...
2011-11-14 22:38:55,836 - Velocity was not initialized! Calling init()...
2011-11-14 22:38:55,836 - Velocity was not initialized! Calling init()...
2011-11-14 22:38:55,836 - Created '20' parsers.
2011-11-14 22:38:55,851 - Velocimacro : "velocimacro.library" is not set.  Trying default library: VM_global_library.vm
2011-11-14 22:38:55,851 - Velocity was not initialized! Calling init()...
2011-11-14 22:38:55,851 - Velocimacro : Default library not found.
2011-11-14 22:38:55,851 - Velocimacro : allowInline = true : VMs can be defined inline in templates
2011-11-14 22:38:55,851 - Velocimacro : allowInlineToOverride = false : VMs defined inline may NOT replace previous VM definitions
2011-11-14 22:38:55,851 - Velocimacro : allowInlineLocal = false : VMs defined inline will be global in scope if allowed.
2011-11-14 22:38:55,851 - Velocimacro : autoload off : VM system will not automatically reload global library macros
2011-11-14 22:38:55,898 - Left side ($attr2) of '>' operation has null value at <unknown template>[line 13, column 14]
2011-11-14 22:38:56,391 - Left side ($arc) of '==' operation has null value. If it is a reference, it may not be in the context or its toString() returned null. <unknown template>[line 13, column 47]
2011-11-14 22:38:56,562 - Left side ($attr2) of '>' operation has null value at <unknown template>[line 13, column 14]
2011-11-14 22:38:56,718 - Left side ($attr2) of '>' operation has null value at <unknown template>[line 13, column 14]
2011-11-14 22:38:56,859 - Left side ($arc) of '>' operation has null value at <unknown template>[line 14, column 12]
2011-11-14 22:38:56,952 - Left side ($arc) of '>' operation has null value at <unknown template>[line 14, column 12]
2011-11-14 22:38:57,654 - Left side ($test) of '==' operation has null value. If it is a reference, it may not be in the context or its toString() returned null. <unknown template>[line 7, column 14]
2011-11-14 22:38:57,654 - Left side ($test) of '!=' operation has null value. If it is a reference, it may not be in the context or its toString() returned null. <unknown template>[line 11, column 14]
2011-11-14 22:38:57,798 - Left side ($attr2) of '>' operation has null value at <unknown template>[line 13, column 14]
2011-11-14 22:38:57,951 - Left side ($attr2) of '>' operation has null value at <unknown template>[line 13, column 14]
2011-11-14 22:38:58,138 - Left side ($arc) of '>' operation has null value at <unknown template>[line 15, column 12]
2011-11-14 22:38:58,310 - Left side ($arc) of '>' operation has null value at <unknown template>[line 15, column 12]
2011-11-14 22:38:58,466 - Left side ($test) of '==' operation has null value. If it is a reference, it may not be in the context or its toString() returned null. <unknown template>[line 8, column 14]
2011-11-14 22:38:58,466 - Left side ($test) of '!=' operation has null value. If it is a reference, it may not be in the context or its toString() returned null. <unknown template>[line 12, column 14]
2011-11-14 22:38:58,637 - Left side ($attr2) of '>' operation has null value at <unknown template>[line 13, column 14]
2011-11-14 22:38:58,824 - Left side ($arc) of '==' operation has null value. If it is a reference, it may not be in the context or its toString() returned null. <unknown template>[line 13, column 47]
2011-11-14 22:38:58,903 - Left side ($attr2) of '>' operation has null value at <unknown template>[line 13, column 14]
2011-11-15 13:50:16,239 - Log4JLogChute initialized using file 'velocity.log'
2011-11-15 13:50:16,270 - Velocity was not initialized! Calling init()...
2011-11-15 13:50:16,270 - Starting Apache Velocity v1.6.4 (compiled: 2010-04-27 15:31:23)
2011-11-15 13:50:16,270 - Default Properties File: org\apache\velocity\runtime\defaults\velocity.properties
2011-11-15 13:50:16,270 - Trying to use logger class org.apache.velocity.runtime.log.AvalonLogChute
2011-11-15 13:50:16,270 - Target log system for org.apache.velocity.runtime.log.AvalonLogChute is not available (java.lang.NoClassDefFoundError: org/apache/log/format/Formatter).  Falling back to next log system...
2011-11-15 13:50:16,270 - Trying to use logger class org.apache.velocity.runtime.log.Log4JLogChute
2011-11-15 13:50:16,270 - Using logger class org.apache.velocity.runtime.log.Log4JLogChute
2011-11-15 13:50:16,286 - ResourceLoader instantiated: org.apache.velocity.runtime.resource.loader.FileResourceLoader
2011-11-15 13:50:16,286 - Do unicode file recognition:  false
2011-11-15 13:50:16,286 - FileResourceLoader : adding path '.'
2011-11-15 13:50:16,317 - ResourceCache: initialized (class org.apache.velocity.runtime.resource.ResourceCacheImpl) with class java.util.Collections$SynchronizedMap cache map.
2011-11-15 13:50:16,317 - Loaded System Directive: org.apache.velocity.runtime.directive.Define
2011-11-15 13:50:16,333 - Loaded System Directive: org.apache.velocity.runtime.directive.Break
2011-11-15 13:50:16,333 - Loaded System Directive: org.apache.velocity.runtime.directive.Evaluate
2011-11-15 13:50:16,333 - Loaded System Directive: org.apache.velocity.runtime.directive.Literal
2011-11-15 13:50:16,333 - Loaded System Directive: org.apache.velocity.runtime.directive.Macro
2011-11-15 13:50:16,333 - Loaded System Directive: org.apache.velocity.runtime.directive.Parse
2011-11-15 13:50:16,333 - Loaded System Directive: org.apache.velocity.runtime.directive.Include
2011-11-15 13:50:16,348 - Loaded System Directive: org.apache.velocity.runtime.directive.Foreach
2011-11-15 13:50:16,348 - Velocity was not initialized! Calling init()...
2011-11-15 13:50:16,395 - Velocity was not initialized! Calling init()...
2011-11-15 13:50:16,395 - Velocity was not initialized! Calling init()...
2011-11-15 13:50:16,395 - Velocity was not initialized! Calling init()...
2011-11-15 13:50:16,395 - Velocity was not initialized! Calling init()...
2011-11-15 13:50:16,395 - Velocity was not initialized! Calling init()...
2011-11-15 13:50:16,395 - Velocity was not initialized! Calling init()...
2011-11-15 13:50:16,395 - Velocity was not initialized! Calling init()...
2011-11-15 13:50:16,395 - Velocity was not initialized! Calling init()...
2011-11-15 13:50:16,395 - Velocity was not initialized! Calling init()...
2011-11-15 13:50:16,395 - Velocity was not initialized! Calling init()...
2011-11-15 13:50:16,395 - Velocity was not initialized! Calling init()...
2011-11-15 13:50:16,395 - Velocity was not initialized! Calling init()...
2011-11-15 13:50:16,395 - Velocity was not initialized! Calling init()...
2011-11-15 13:50:16,395 - Velocity was not initialized! Calling init()...
2011-11-15 13:50:16,395 - Velocity was not initialized! Calling init()...
2011-11-15 13:50:16,395 - Velocity was not initialized! Calling init()...
2011-11-15 13:50:16,395 - Velocity was not initialized! Calling init()...
2011-11-15 13:50:16,395 - Velocity was not initialized! Calling init()...
2011-11-15 13:50:16,395 - Velocity was not initialized! Calling init()...
2011-11-15 13:50:16,395 - Created '20' parsers.
2011-11-15 13:50:16,426 - Velocimacro : "velocimacro.library" is not set.  Trying default library: VM_global_library.vm
2011-11-15 13:50:16,426 - Velocity was not initialized! Calling init()...
2011-11-15 13:50:16,426 - Velocimacro : Default library not found.
2011-11-15 13:50:16,426 - Velocimacro : allowInline = true : VMs can be defined inline in templates
2011-11-15 13:50:16,426 - Velocimacro : allowInlineToOverride = false : VMs defined inline may NOT replace previous VM definitions
2011-11-15 13:50:16,426 - Velocimacro : allowInlineLocal = false : VMs defined inline will be global in scope if allowed.
2011-11-15 13:50:16,426 - Velocimacro : autoload off : VM system will not automatically reload global library macros
2011-11-15 13:50:16,458 - Left side ($attr2) of '>' operation has null value at <unknown template>[line 13, column 14]
2011-11-15 13:50:18,238 - Left side ($arc) of '==' operation has null value. If it is a reference, it may not be in the context or its toString() returned null. <unknown template>[line 13, column 47]
2011-11-15 13:50:18,456 - Left side ($attr2) of '>' operation has null value at <unknown template>[line 13, column 14]
2011-11-15 13:50:18,628 - Left side ($attr2) of '>' operation has null value at <unknown template>[line 13, column 14]
2011-11-15 13:50:18,722 - Left side ($arc) of '>' operation has null value at <unknown template>[line 14, column 12]
2011-11-15 13:50:18,815 - Left side ($arc) of '>' operation has null value at <unknown template>[line 14, column 12]
2011-11-15 13:50:19,611 - Left side ($test) of '==' operation has null value. If it is a reference, it may not be in the context or its toString() returned null. <unknown template>[line 7, column 14]
2011-11-15 13:50:19,611 - Left side ($test) of '!=' operation has null value. If it is a reference, it may not be in the context or its toString() returned null. <unknown template>[line 11, column 14]
2011-11-15 13:50:19,737 - Left side ($attr2) of '>' operation has null value at <unknown template>[line 13, column 14]
2011-11-15 13:50:19,846 - Left side ($attr2) of '>' operation has null value at <unknown template>[line 13, column 14]
2011-11-15 13:50:19,955 - Left side ($arc) of '>' operation has null value at <unknown template>[line 15, column 12]
2011-11-15 13:50:20,049 - Left side ($arc) of '>' operation has null value at <unknown template>[line 15, column 12]
2011-11-15 13:50:20,158 - Left side ($test) of '==' operation has null value. If it is a reference, it may not be in the context or its toString() returned null. <unknown template>[line 8, column 14]
2011-11-15 13:50:20,158 - Left side ($test) of '!=' operation has null value. If it is a reference, it may not be in the context or its toString() returned null. <unknown template>[line 12, column 14]
2011-11-15 13:50:20,329 - Left side ($attr2) of '>' operation has null value at <unknown template>[line 13, column 14]
2011-11-15 13:50:20,454 - Left side ($arc) of '==' operation has null value. If it is a reference, it may not be in the context or its toString() returned null. <unknown template>[line 13, column 47]
2011-11-15 13:50:20,548 - Left side ($attr2) of '>' operation has null value at <unknown template>[line 13, column 14]
